Using pre-set license
Built from '6000.0/staging' branch; Version is '6000.0.42f1 (feb9a7235030) revision 16693671'; Using compiler version '193933523'; Build Type 'Release'
OS: 'Windows 10  (10.0.19045) 64bit Professional' Language: 'ru' Physical Memory: 31844 MB
BatchMode: 1, IsHumanControllingUs: 0, StartBugReporterOnCrash: 0, Is64bit: 1, IsPro: 1

COMMAND LINE ARGUMENTS:
S:\Unity\Unity\6000.0.42f1\Editor\Unity.exe
-adb2
-batchMode
-noUpm
-name
AssetImportWorker1
-projectPath
S:/Unity/Game/CastleRunner/CastleRunner/CastleRunner
-logFile
Logs/AssetImportWorker1.log
-srvPort
54317
-job-worker-count
7
-background-job-worker-count
8
-gc-helper-count
1
Successfully changed project path to: S:/Unity/Game/CastleRunner/CastleRunner/CastleRunner
S:/Unity/Game/CastleRunner/CastleRunner/CastleRunner
[UnityMemory] Configuration Parameters - Can be set up in boot.config
    "memorysetup-bucket-allocator-granularity=16"
    "memorysetup-bucket-allocator-bucket-count=8"
    "memorysetup-bucket-allocator-block-size=33554432"
    "memorysetup-bucket-allocator-block-count=8"
    "memorysetup-main-allocator-block-size=16777216"
    "memorysetup-thread-allocator-block-size=16777216"
    "memorysetup-gfx-main-allocator-block-size=16777216"
    "memorysetup-gfx-thread-allocator-block-size=16777216"
    "memorysetup-cache-allocator-block-size=4194304"
    "memorysetup-typetree-allocator-block-size=2097152"
    "memorysetup-profiler-bucket-allocator-granularity=16"
    "memorysetup-profiler-bucket-allocator-bucket-count=8"
    "memorysetup-profiler-bucket-allocator-block-size=33554432"
    "memorysetup-profiler-bucket-allocator-block-count=8"
    "memorysetup-profiler-allocator-block-size=16777216"
    "memorysetup-profiler-editor-allocator-block-size=1048576"
    "memorysetup-temp-allocator-size-main=16777216"
    "memorysetup-job-temp-allocator-block-size=2097152"
    "memorysetup-job-temp-allocator-block-size-background=1048576"
    "memorysetup-job-temp-allocator-reduction-small-platforms=262144"
    "memorysetup-allocator-temp-initial-block-size-main=262144"
    "memorysetup-allocator-temp-initial-block-size-worker=262144"
    "memorysetup-temp-allocator-size-background-worker=32768"
    "memorysetup-temp-allocator-size-job-worker=262144"
    "memorysetup-temp-allocator-size-preload-manager=33554432"
    "memorysetup-temp-allocator-size-nav-mesh-worker=65536"
    "memorysetup-temp-allocator-size-audio-worker=65536"
    "memorysetup-temp-allocator-size-cloud-worker=32768"
    "memorysetup-temp-allocator-size-gi-baking-worker=262144"
    "memorysetup-temp-allocator-size-gi-baking-worker=262144"
    "memorysetup-temp-allocator-size-gi-baking-worker=262144"
    "memorysetup-temp-allocator-size-gi-baking-worker=262144"
    "memorysetup-temp-allocator-size-gi-baking-worker=262144"
    "memorysetup-temp-allocator-size-gfx=262144"
Player connection [20352]  Target information:

Player connection [20352]  * "[IP] 192.168.0.223 [Port] 0 [Flags] 2 [Guid] 66138229 [EditorId] 66138229 [Version] 1048832 [Id] WindowsEditor(7,DESKTOP-FBC52O3) [Debug] 1 [PackageName] WindowsEditor [ProjectName] Editor" 

Player connection [20352]  * "[IP] 26.232.73.227 [Port] 0 [Flags] 2 [Guid] 66138229 [EditorId] 66138229 [Version] 1048832 [Id] WindowsEditor(7,DESKTOP-FBC52O3) [Debug] 1 [PackageName] WindowsEditor [ProjectName] Editor" 

Player connection [20352]  * "[IP] 10.8.1.6 [Port] 0 [Flags] 2 [Guid] 66138229 [EditorId] 66138229 [Version] 1048832 [Id] WindowsEditor(7,DESKTOP-FBC52O3) [Debug] 1 [PackageName] WindowsEditor [ProjectName] Editor" 

Player connection [20352] Host joined multi-casting on [225.0.0.222:54997]...
Player connection [20352] Host joined alternative multi-casting on [225.0.0.222:34997]...
JobSystem: Creating JobQueue using job-worker-count value 7
Input System module state changed to: Initialized.
[Physics::Module] Initialized fallback backend.
[Physics::Module] Id: 0xdecafbad
Library Redirect Path: Library/
[Physics::Module] Selected backend.
[Physics::Module] Name: PhysX
[Physics::Module] Id: 0xf2b8ea05
[Physics::Module] SDK Version: 4.1.2
[Physics::Module] Integration Version: 1.0.0
[Physics::Module] Threading Mode: Multi-Threaded
Refreshing native plugins compatible for Editor in 1.69 ms, found 3 plugins.
Preloading 0 native plugins for Editor in 0.00 ms.
Initialize engine version: 6000.0.42f1 (feb9a7235030)
[Subsystems] Discovering subsystems at path S:/Unity/Unity/6000.0.42f1/Editor/Data/Resources/UnitySubsystems
[Subsystems] Discovering subsystems at path S:/Unity/Game/CastleRunner/CastleRunner/CastleRunner/Assets
GfxDevice: creating device client; kGfxThreadingModeNonThreaded
Direct3D:
    Version:  Direct3D 11.0 [level 11.1]
    Renderer: NVIDIA GeForce RTX 4070 SUPER (ID=0x2783)
    Vendor:   NVIDIA
    VRAM:     11999 MB
    Driver:   32.0.15.7602
Initialize mono
Mono path[0] = 'S:/Unity/Unity/6000.0.42f1/Editor/Data/Managed'
Mono path[1] = 'S:/Unity/Unity/6000.0.42f1/Editor/Data/MonoBleedingEdge/lib/mono/unityjit-win32'
Mono config path = 'S:/Unity/Unity/6000.0.42f1/Editor/Data/MonoBleedingEdge/etc'
Using monoOptions --debugger-agent=transport=dt_socket,embedding=1,server=y,suspend=n,address=127.0.0.1:56372
Begin MonoManager ReloadAssembly
Registering precompiled unity dll's ...
Register platform support module: S:/Unity/Unity/6000.0.42f1/Editor/Data/PlaybackEngines/WindowsStandaloneSupport/UnityEditor.WindowsStandalone.Extensions.dll
Registered in 0.001940 seconds.
- Loaded All Assemblies, in  0.357 seconds
Native extension for WindowsStandalone target not found
Mono: successfully reloaded assembly
- Finished resetting the current domain, in  0.318 seconds
Domain Reload Profiling: 674ms
	BeginReloadAssembly (125ms)
		ExecutionOrderSort (0ms)
		DisableScriptedObjects (0ms)
		BackupInstance (0ms)
		ReleaseScriptingObjects (0ms)
		CreateAndSetChildDomain (1ms)
	RebuildCommonClasses (34ms)
	RebuildNativeTypeToScriptingClass (12ms)
	initialDomainReloadingComplete (42ms)
	LoadAllAssembliesAndSetupDomain (143ms)
		LoadAssemblies (124ms)
		RebuildTransferFunctionScriptingTraits (0ms)
		AnalyzeDomain (139ms)
			TypeCache.Refresh (138ms)
				TypeCache.ScanAssembly (127ms)
			BuildScriptInfoCaches (0ms)
			ResolveRequiredComponents (0ms)
	FinalizeReload (319ms)
		ReleaseScriptCaches (0ms)
		RebuildScriptCaches (0ms)
		SetupLoadedEditorAssemblies (271ms)
			LogAssemblyErrors (0ms)
			InitializePlatformSupportModulesInManaged (23ms)
			SetLoadedEditorAssemblies (4ms)
			BeforeProcessingInitializeOnLoad (49ms)
			ProcessInitializeOnLoadAttributes (145ms)
			ProcessInitializeOnLoadMethodAttributes (50ms)
			AfterProcessingInitializeOnLoad (0ms)
			EditorAssembliesLoaded (0ms)
		ExecutionOrderSort2 (0ms)
		AwakeInstancesAfterBackupRestoration (0ms)
========================================================================
Worker process is ready to serve import requests
Import Worker Mode flag is 0x00
Begin MonoManager ReloadAssembly
Symbol file LoadedFromMemory is not a mono symbol file
Symbol file LoadedFromMemory is not a mono symbol file
- Loaded All Assemblies, in  0.804 seconds
Refreshing native plugins compatible for Editor in 1.03 ms, found 3 plugins.
Native extension for WindowsStandalone target not found
Serialization depth limit 10 exceeded at 'Unity.Muse.Animate::RigidTransformData.Position'. There may be an object composition cycle in one or more of your serialized classes. Consider rearranging data or use `[SerializeReference]`. 

Serialization hierarchy:
11: Unity.Muse.Animate::RigidTransformData.Position
10: Unity.Muse.Animate::RigidTransformModel.m_Data
9: Unity.Muse.Animate::ArmatureStaticPoseData.TransformModels
8: Unity.Muse.Animate::ArmatureStaticPoseModel.m_Data
7: Unity.Muse.Animate::BakedArmaturePoseData.LocalPose
6: Unity.Muse.Animate::BakedArmaturePoseModel.m_Data
5: Unity.Muse.Animate::EntityPose.Model
4: Unity.Muse.Animate::BakedFrameData.Entities
3: Unity.Muse.Animate::BakedFrameModel.m_Data
2: Unity.Muse.Animate::BakedTimelineData.Frames
1: Unity.Muse.Animate::BakedTimelineModel.m_Data
0: Unity.Muse.Animate::DenseTake.m_BakedTimelineModel
UnityEngine.Debug:ExtractStackTraceNoAlloc (byte*,int,string)
UnityEngine.StackTraceUtility:ExtractStackTrace ()
UnityEditor.AssetDatabase:LoadMainAssetAtPath (string)
Unity.Muse.Animate.LibraryRegistry:AddItemInternal (string) (at ./Library/PackageCache/com.unity.muse.animate@0e4864bad0bc/Runtime/Core/Systems/Library/Assets/LibraryRegistry.cs:255)
Unity.Muse.Animate.LibraryRegistry:RefreshAssets (string) (at ./Library/PackageCache/com.unity.muse.animate@0e4864bad0bc/Runtime/Core/Systems/Library/Assets/LibraryRegistry.cs:100)
Unity.Muse.Animate.LibraryRegistry:.cctor () (at ./Library/PackageCache/com.unity.muse.animate@0e4864bad0bc/Runtime/Core/Systems/Library/Assets/LibraryRegistry.cs:59)
System.Runtime.CompilerServices.RuntimeHelpers:RunClassConstructor (System.RuntimeTypeHandle)
UnityEditor.EditorAssemblies:ProcessInitializeOnLoadAttributes (System.Type[])

[./Library/PackageCache/com.unity.muse.animate@0e4864bad0bc/Runtime/Core/Systems/Library/Assets/LibraryRegistry.cs line 255]

Mono: successfully reloaded assembly
- Finished resetting the current domain, in  0.920 seconds
Domain Reload Profiling: 1723ms
	BeginReloadAssembly (161ms)
		ExecutionOrderSort (0ms)
		DisableScriptedObjects (6ms)
		BackupInstance (0ms)
		ReleaseScriptingObjects (0ms)
		CreateAndSetChildDomain (29ms)
	RebuildCommonClasses (34ms)
	RebuildNativeTypeToScriptingClass (13ms)
	initialDomainReloadingComplete (36ms)
	LoadAllAssembliesAndSetupDomain (559ms)
		LoadAssemblies (362ms)
		RebuildTransferFunctionScriptingTraits (0ms)
		AnalyzeDomain (293ms)
			TypeCache.Refresh (215ms)
				TypeCache.ScanAssembly (198ms)
			BuildScriptInfoCaches (64ms)
			ResolveRequiredComponents (11ms)
	FinalizeReload (921ms)
		ReleaseScriptCaches (0ms)
		RebuildScriptCaches (0ms)
		SetupLoadedEditorAssemblies (780ms)
			LogAssemblyErrors (0ms)
			InitializePlatformSupportModulesInManaged (2ms)
			SetLoadedEditorAssemblies (4ms)
			BeforeProcessingInitializeOnLoad (134ms)
			ProcessInitializeOnLoadAttributes (482ms)
			ProcessInitializeOnLoadMethodAttributes (151ms)
			AfterProcessingInitializeOnLoad (5ms)
			EditorAssembliesLoaded (0ms)
		ExecutionOrderSort2 (0ms)
		AwakeInstancesAfterBackupRestoration (5ms)
Launched and connected shader compiler UnityShaderCompiler.exe after 0.01 seconds
Refreshing native plugins compatible for Editor in 1.98 ms, found 3 plugins.
Preloading 0 native plugins for Editor in 0.00 ms.
Unloading 341 Unused Serialized files (Serialized files now loaded: 0)
Unloading 7315 unused Assets / (18.0 MB). Loaded Objects now: 8072.
Memory consumption went from 229.0 MB to 211.0 MB.
Total: 26.512900 ms (FindLiveObjects: 1.081100 ms CreateObjectMapping: 2.858500 ms MarkObjects: 15.594400 ms  DeleteObjects: 6.977100 ms)

========================================================================
Received Import Request.
  Time since last request: 162464.490787 seconds.
  path: Assets/Animation.anim
  artifactKey: Guid(b77d31179e9040a47a1b3268b765fa29) Importer(815301076,1909f56bfc062723c751e8b465ee728b)
Start importing Assets/Animation.anim using Guid(b77d31179e9040a47a1b3268b765fa29) Importer(815301076,1909f56bfc062723c751e8b465ee728b) (PreviewImporter) -> (artifact id: 'ad03d4ef22e785f0174cfe076c23e75d') in 0.0615484 seconds
Number of updated asset objects reloaded before import = 0Number of asset objects unloaded after import = 1

========================================================================
Received Prepare
Begin MonoManager ReloadAssembly
Symbol file LoadedFromMemory is not a mono symbol file
Symbol file LoadedFromMemory is not a mono symbol file
- Loaded All Assemblies, in  0.639 seconds
Refreshing native plugins compatible for Editor in 1.58 ms, found 3 plugins.
Serialization depth limit 10 exceeded at 'Unity.Muse.Animate::RigidTransformData.Position'. There may be an object composition cycle in one or more of your serialized classes. Consider rearranging data or use `[SerializeReference]`. 

Serialization hierarchy:
11: Unity.Muse.Animate::RigidTransformData.Position
10: Unity.Muse.Animate::RigidTransformModel.m_Data
9: Unity.Muse.Animate::ArmatureStaticPoseData.TransformModels
8: Unity.Muse.Animate::ArmatureStaticPoseModel.m_Data
7: Unity.Muse.Animate::BakedArmaturePoseData.LocalPose
6: Unity.Muse.Animate::BakedArmaturePoseModel.m_Data
5: Unity.Muse.Animate::EntityPose.Model
4: Unity.Muse.Animate::BakedFrameData.Entities
3: Unity.Muse.Animate::BakedFrameModel.m_Data
2: Unity.Muse.Animate::BakedTimelineData.Frames
1: Unity.Muse.Animate::BakedTimelineModel.m_Data
0: Unity.Muse.Animate::DenseTake.m_BakedTimelineModel
Native extension for WindowsStandalone target not found
Mono: successfully reloaded assembly
- Finished resetting the current domain, in  0.849 seconds
Domain Reload Profiling: 1491ms
	BeginReloadAssembly (176ms)
		ExecutionOrderSort (0ms)
		DisableScriptedObjects (5ms)
		BackupInstance (0ms)
		ReleaseScriptingObjects (0ms)
		CreateAndSetChildDomain (52ms)
	RebuildCommonClasses (28ms)
	RebuildNativeTypeToScriptingClass (12ms)
	initialDomainReloadingComplete (23ms)
	LoadAllAssembliesAndSetupDomain (402ms)
		LoadAssemblies (303ms)
		RebuildTransferFunctionScriptingTraits (0ms)
		AnalyzeDomain (181ms)
			TypeCache.Refresh (5ms)
				TypeCache.ScanAssembly (0ms)
			BuildScriptInfoCaches (163ms)
			ResolveRequiredComponents (10ms)
	FinalizeReload (850ms)
		ReleaseScriptCaches (0ms)
		RebuildScriptCaches (0ms)
		SetupLoadedEditorAssemblies (650ms)
			LogAssemblyErrors (0ms)
			InitializePlatformSupportModulesInManaged (2ms)
			SetLoadedEditorAssemblies (3ms)
			BeforeProcessingInitializeOnLoad (122ms)
			ProcessInitializeOnLoadAttributes (387ms)
			ProcessInitializeOnLoadMethodAttributes (134ms)
			AfterProcessingInitializeOnLoad (2ms)
			EditorAssembliesLoaded (0ms)
		ExecutionOrderSort2 (0ms)
		AwakeInstancesAfterBackupRestoration (15ms)
Refreshing native plugins compatible for Editor in 2.73 ms, found 3 plugins.
Preloading 0 native plugins for Editor in 0.00 ms.
Unloading 52 Unused Serialized files (Serialized files now loaded: 0)
Unloading 7311 unused Assets / (19.0 MB). Loaded Objects now: 8078.
Memory consumption went from 183.5 MB to 164.6 MB.
Total: 30.321200 ms (FindLiveObjects: 1.286800 ms CreateObjectMapping: 1.456100 ms MarkObjects: 19.034400 ms  DeleteObjects: 8.542300 ms)

Prepare: number of updated asset objects reloaded= 0
